1674176559010	geckodriver	INFO	Listening on 127.0.0.1:52219
1674176559016	mozrunner::runner	INFO	Running command: "/usr/bin/firefox" "--marionette" "--remote-debugging-port" "50549" "--remote-allow-hosts" "localhost" "-no-remote" "-profile" "/tmp/rust_mozprofileQEv2Mf"
ATTENTION: default value of option mesa_glthread overridden by environment.
ATTENTION: default value of option mesa_glthread overridden by environment.
1674176559888	Marionette	INFO	Marionette enabled
1674176559893	Marionette	INFO	Listening on port 36359
Read port: 36359
ATTENTION: default value of option mesa_glthread overridden by environment.
WebDriver BiDi listening on ws://127.0.0.1:50549
1674176560103	RemoteAgent	WARN	TLS certificate errors will be ignored for this session
console.warn: SearchSettings: "get: No settings file exists, new profile?" (new NotFoundError("Could not open the file at /tmp/rust_mozprofileQEv2Mf/search.json.mozlz4", (void 0)))
DevTools listening on ws://127.0.0.1:50549/devtools/browser/ecaee96e-81e9-42f1-88ae-ba158bed2729
JavaScript warning: https://console.pearson.com/assets/app.db02a74bcf9c973902c0.js, line 16: unreachable code after return statement
JavaScript warning: https://console.pearson.com/assets/app.db02a74bcf9c973902c0.js, line 33: unreachable code after return statement
JavaScript warning: https://console.pearson.com/assets/app.db02a74bcf9c973902c0.js, line 65: unreachable code after return statement
JavaScript warning: https://console.pearson.com/assets/app.db02a74bcf9c973902c0.js, line 73: unreachable code after return statement
JavaScript warning: https://console.pearson.com/assets/app.db02a74bcf9c973902c0.js, line 370: unreachable code after return statement
JavaScript warning: https://console.pearson.com/assets/app.db02a74bcf9c973902c0.js, line 370: unreachable code after return statement
JavaScript warning: https://console.pearson.com/UYyl/Rkt5/CPb/Xjp/R8Eg/EhaLXhNc/InVedjM/Wko/sRVd3aSc, line 1: unreachable code after return statement
JavaScript warning: https://console.pearson.com/UYyl/Rkt5/CPb/Xjp/R8Eg/EhaLXhNc/InVedjM/Wko/sRVd3aSc, line 1: WEBGL_debug_renderer_info is deprecated in Firefox and will be removed. Please use RENDERER.
JavaScript warning: https://console.pearson.com/UYyl/Rkt5/CPb/Xjp/R8Eg/EhaLXhNc/InVedjM/Wko/sRVd3aSc, line 1: WEBGL_debug_renderer_info is deprecated in Firefox and will be removed. Please use RENDERER.
1674177135051	geckodriver	INFO	Listening on 127.0.0.1:51013
1674177135055	mozrunner::runner	INFO	Running command: "/usr/bin/firefox" "--marionette" "--remote-debugging-port" "55815" "--remote-allow-hosts" "localhost" "-no-remote" "-profile" "/tmp/rust_mozprofile6hPwEy"
ATTENTION: default value of option mesa_glthread overridden by environment.
ATTENTION: default value of option mesa_glthread overridden by environment.
1674177135851	Marionette	INFO	Marionette enabled
1674177135857	Marionette	INFO	Listening on port 39425
ATTENTION: default value of option mesa_glthread overridden by environment.
Read port: 39425
WebDriver BiDi listening on ws://127.0.0.1:55815
1674177136068	RemoteAgent	WARN	TLS certificate errors will be ignored for this session
console.warn: SearchSettings: "get: No settings file exists, new profile?" (new NotFoundError("Could not open the file at /tmp/rust_mozprofile6hPwEy/search.json.mozlz4", (void 0)))
DevTools listening on ws://127.0.0.1:55815/devtools/browser/15067abf-b9eb-49c0-98cf-d0748120d032
JavaScript warning: https://console.pearson.com/assets/app.db02a74bcf9c973902c0.js, line 16: unreachable code after return statement
JavaScript warning: https://console.pearson.com/assets/app.db02a74bcf9c973902c0.js, line 33: unreachable code after return statement
JavaScript warning: https://console.pearson.com/assets/app.db02a74bcf9c973902c0.js, line 65: unreachable code after return statement
JavaScript warning: https://console.pearson.com/assets/app.db02a74bcf9c973902c0.js, line 73: unreachable code after return statement
JavaScript warning: https://console.pearson.com/assets/app.db02a74bcf9c973902c0.js, line 370: unreachable code after return statement
JavaScript warning: https://console.pearson.com/assets/app.db02a74bcf9c973902c0.js, line 370: unreachable code after return statement
JavaScript warning: https://console.pearson.com/UYyl/Rkt5/CPb/Xjp/R8Eg/EhaLXhNc/InVedjM/Wko/sRVd3aSc, line 1: unreachable code after return statement
JavaScript warning: https://console.pearson.com/UYyl/Rkt5/CPb/Xjp/R8Eg/EhaLXhNc/InVedjM/Wko/sRVd3aSc, line 1: WEBGL_debug_renderer_info is deprecated in Firefox and will be removed. Please use RENDERER.
JavaScript warning: https://console.pearson.com/UYyl/Rkt5/CPb/Xjp/R8Eg/EhaLXhNc/InVedjM/Wko/sRVd3aSc, line 1: WEBGL_debug_renderer_info is deprecated in Firefox and will be removed. Please use RENDERER.
1674177179982	Marionette	INFO	Stopped listening on port 39425
console.warn: TopSitesFeed: Failed to fetch data from Contile server: NetworkError when attempting to fetch resource.
1674177447215	geckodriver	INFO	Listening on 127.0.0.1:57395
1674177447720	mozrunner::runner	INFO	Running command: "/usr/bin/firefox" "--marionette" "--remote-debugging-port" "58787" "--remote-allow-hosts" "localhost" "-no-remote" "-profile" "/tmp/rust_mozprofilehAuAM1"
ATTENTION: default value of option mesa_glthread overridden by environment.
ATTENTION: default value of option mesa_glthread overridden by environment.
1674177448514	Marionette	INFO	Marionette enabled
1674177448519	Marionette	INFO	Listening on port 37731
Read port: 37731
ATTENTION: default value of option mesa_glthread overridden by environment.
WebDriver BiDi listening on ws://127.0.0.1:58787
1674177448747	RemoteAgent	WARN	TLS certificate errors will be ignored for this session
console.warn: SearchSettings: "get: No settings file exists, new profile?" (new NotFoundError("Could not open the file at /tmp/rust_mozprofilehAuAM1/search.json.mozlz4", (void 0)))
DevTools listening on ws://127.0.0.1:58787/devtools/browser/3fb6ca90-ec35-4030-b38b-c1c808f7553e
JavaScript warning: https://console.pearson.com/assets/app.db02a74bcf9c973902c0.js, line 16: unreachable code after return statement
JavaScript warning: https://console.pearson.com/assets/app.db02a74bcf9c973902c0.js, line 33: unreachable code after return statement
JavaScript warning: https://console.pearson.com/assets/app.db02a74bcf9c973902c0.js, line 65: unreachable code after return statement
JavaScript warning: https://console.pearson.com/assets/app.db02a74bcf9c973902c0.js, line 73: unreachable code after return statement
JavaScript warning: https://console.pearson.com/assets/app.db02a74bcf9c973902c0.js, line 370: unreachable code after return statement
JavaScript warning: https://console.pearson.com/assets/app.db02a74bcf9c973902c0.js, line 370: unreachable code after return statement
JavaScript warning: https://console.pearson.com/UYyl/Rkt5/CPb/Xjp/R8Eg/EhaLXhNc/InVedjM/Wko/sRVd3aSc, line 1: unreachable code after return statement
JavaScript warning: https://console.pearson.com/UYyl/Rkt5/CPb/Xjp/R8Eg/EhaLXhNc/InVedjM/Wko/sRVd3aSc, line 1: WEBGL_debug_renderer_info is deprecated in Firefox and will be removed. Please use RENDERER.
JavaScript warning: https://console.pearson.com/UYyl/Rkt5/CPb/Xjp/R8Eg/EhaLXhNc/InVedjM/Wko/sRVd3aSc, line 1: WEBGL_debug_renderer_info is deprecated in Firefox and will be removed. Please use RENDERER.
console.warn: LoginRecipes: "Falling back to a synchronous message for: https://login.pearson.com."
1674178054347	geckodriver	INFO	Listening on 127.0.0.1:60375
1674178054352	mozrunner::runner	INFO	Running command: "/usr/bin/firefox" "--marionette" "--remote-debugging-port" "41101" "--remote-allow-hosts" "localhost" "-no-remote" "-profile" "/tmp/rust_mozprofilezmKvg1"
ATTENTION: default value of option mesa_glthread overridden by environment.
ATTENTION: default value of option mesa_glthread overridden by environment.
1674178055190	Marionette	INFO	Marionette enabled
1674178055196	Marionette	INFO	Listening on port 39255
Read port: 39255
ATTENTION: default value of option mesa_glthread overridden by environment.
WebDriver BiDi listening on ws://127.0.0.1:41101
1674178055420	RemoteAgent	WARN	TLS certificate errors will be ignored for this session
console.warn: SearchSettings: "get: No settings file exists, new profile?" (new NotFoundError("Could not open the file at /tmp/rust_mozprofilezmKvg1/search.json.mozlz4", (void 0)))
DevTools listening on ws://127.0.0.1:41101/devtools/browser/b83dcd37-0d49-40a2-9543-3182001b69eb
JavaScript warning: https://console.pearson.com/assets/app.db02a74bcf9c973902c0.js, line 16: unreachable code after return statement
JavaScript warning: https://console.pearson.com/assets/app.db02a74bcf9c973902c0.js, line 33: unreachable code after return statement
JavaScript warning: https://console.pearson.com/assets/app.db02a74bcf9c973902c0.js, line 65: unreachable code after return statement
JavaScript warning: https://console.pearson.com/assets/app.db02a74bcf9c973902c0.js, line 73: unreachable code after return statement
JavaScript warning: https://console.pearson.com/assets/app.db02a74bcf9c973902c0.js, line 370: unreachable code after return statement
JavaScript warning: https://console.pearson.com/assets/app.db02a74bcf9c973902c0.js, line 370: unreachable code after return statement
JavaScript warning: https://console.pearson.com/UYyl/Rkt5/CPb/Xjp/R8Eg/EhaLXhNc/InVedjM/Wko/sRVd3aSc, line 1: unreachable code after return statement
JavaScript warning: https://console.pearson.com/UYyl/Rkt5/CPb/Xjp/R8Eg/EhaLXhNc/InVedjM/Wko/sRVd3aSc, line 1: WEBGL_debug_renderer_info is deprecated in Firefox and will be removed. Please use RENDERER.
JavaScript warning: https://console.pearson.com/UYyl/Rkt5/CPb/Xjp/R8Eg/EhaLXhNc/InVedjM/Wko/sRVd3aSc, line 1: WEBGL_debug_renderer_info is deprecated in Firefox and will be removed. Please use RENDERER.
1674178105326	geckodriver	INFO	Listening on 127.0.0.1:48417
1674178105332	mozrunner::runner	INFO	Running command: "/usr/bin/firefox" "--marionette" "--remote-debugging-port" "48995" "--remote-allow-hosts" "localhost" "-no-remote" "-profile" "/tmp/rust_mozprofilePGyU1l"
ATTENTION: default value of option mesa_glthread overridden by environment.
ATTENTION: default value of option mesa_glthread overridden by environment.
1674178106185	Marionette	INFO	Marionette enabled
1674178106191	Marionette	INFO	Listening on port 43707
Read port: 43707
ATTENTION: default value of option mesa_glthread overridden by environment.
WebDriver BiDi listening on ws://127.0.0.1:48995
1674178106405	RemoteAgent	WARN	TLS certificate errors will be ignored for this session
console.warn: SearchSettings: "get: No settings file exists, new profile?" (new NotFoundError("Could not open the file at /tmp/rust_mozprofilePGyU1l/search.json.mozlz4", (void 0)))
DevTools listening on ws://127.0.0.1:48995/devtools/browser/b8a4bf53-0fad-43d2-b512-36b9e1e3d30e
JavaScript warning: https://console.pearson.com/assets/app.db02a74bcf9c973902c0.js, line 16: unreachable code after return statement
JavaScript warning: https://console.pearson.com/assets/app.db02a74bcf9c973902c0.js, line 33: unreachable code after return statement
JavaScript warning: https://console.pearson.com/assets/app.db02a74bcf9c973902c0.js, line 65: unreachable code after return statement
JavaScript warning: https://console.pearson.com/assets/app.db02a74bcf9c973902c0.js, line 73: unreachable code after return statement
JavaScript warning: https://console.pearson.com/assets/app.db02a74bcf9c973902c0.js, line 370: unreachable code after return statement
JavaScript warning: https://console.pearson.com/assets/app.db02a74bcf9c973902c0.js, line 370: unreachable code after return statement
JavaScript warning: https://console.pearson.com/UYyl/Rkt5/CPb/Xjp/R8Eg/EhaLXhNc/InVedjM/Wko/sRVd3aSc, line 1: unreachable code after return statement
JavaScript warning: https://console.pearson.com/UYyl/Rkt5/CPb/Xjp/R8Eg/EhaLXhNc/InVedjM/Wko/sRVd3aSc, line 1: WEBGL_debug_renderer_info is deprecated in Firefox and will be removed. Please use RENDERER.
JavaScript warning: https://console.pearson.com/UYyl/Rkt5/CPb/Xjp/R8Eg/EhaLXhNc/InVedjM/Wko/sRVd3aSc, line 1: WEBGL_debug_renderer_info is deprecated in Firefox and will be removed. Please use RENDERER.
1674178132459	Marionette	INFO	Stopped listening on port 43707
console.warn: TopSitesFeed: Failed to fetch data from Contile server: NetworkError when attempting to fetch resource.
1674178134652	Marionette	INFO	Stopped listening on port 39255
console.warn: TopSitesFeed: Failed to fetch data from Contile server: NetworkError when attempting to fetch resource.
JavaScript error: resource://gre/modules/AsyncShutdown.jsm, line 572: NotFoundError: No such JSWindowActor 'DevToolsFrame'
JavaScript error: resource://gre/modules/AsyncShutdown.jsm, line 572: NotFoundError: No such JSWindowActor 'DevToolsFrame'
JavaScript error: resource://gre/modules/AsyncShutdown.jsm, line 572: NotFoundError: No such JSWindowActor 'DevToolsFrame'
JavaScript error: resource://gre/modules/AsyncShutdown.jsm, line 572: NotFoundError: No such JSWindowActor 'DevToolsFrame'
JavaScript error: resource://gre/modules/AsyncShutdown.jsm, line 572: NotFoundError: No such JSWindowActor 'DevToolsFrame'
1674178300776	Marionette	INFO	Stopped listening on port 37731
JavaScript error: resource://gre/modules/AsyncShutdown.jsm, line 572: NotFoundError: No such JSWindowActor 'DevToolsFrame'
JavaScript error: resource://gre/modules/AsyncShutdown.jsm, line 572: NotFoundError: No such JSWindowActor 'DevToolsFrame'
JavaScript error: resource://gre/modules/AsyncShutdown.jsm, line 572: NotFoundError: No such JSWindowActor 'DevToolsFrame'
JavaScript error: resource://gre/modules/AsyncShutdown.jsm, line 572: NotFoundError: No such JSWindowActor 'DevToolsFrame'
JavaScript error: resource://gre/modules/AsyncShutdown.jsm, line 572: NotFoundError: No such JSWindowActor 'DevToolsFrame'
1674178301477	Marionette	INFO	Stopped listening on port 36359
1674244222827	geckodriver	INFO	Listening on 127.0.0.1:42707
1674244223330	mozrunner::runner	INFO	Running command: "/usr/bin/firefox" "--marionette" "--remote-debugging-port" "60249" "--remote-allow-hosts" "localhost" "-no-remote" "-profile" "/tmp/rust_mozprofileAVAoPK"
ATTENTION: default value of option mesa_glthread overridden by environment.
ATTENTION: default value of option mesa_glthread overridden by environment.
1674244224135	Marionette	INFO	Marionette enabled
1674244224140	Marionette	INFO	Listening on port 42475
ATTENTION: default value of option mesa_glthread overridden by environment.
Read port: 42475
WebDriver BiDi listening on ws://127.0.0.1:60249
1674244224349	RemoteAgent	WARN	TLS certificate errors will be ignored for this session
console.warn: SearchSettings: "get: No settings file exists, new profile?" (new NotFoundError("Could not open the file at /tmp/rust_mozprofileAVAoPK/search.json.mozlz4", (void 0)))
DevTools listening on ws://127.0.0.1:60249/devtools/browser/f9673c7f-b150-4237-9856-9361da4e2ad9
JavaScript warning: https://console.pearson.com/assets/app.db02a74bcf9c973902c0.js, line 16: unreachable code after return statement
JavaScript warning: https://console.pearson.com/assets/app.db02a74bcf9c973902c0.js, line 33: unreachable code after return statement
JavaScript warning: https://console.pearson.com/assets/app.db02a74bcf9c973902c0.js, line 65: unreachable code after return statement
JavaScript warning: https://console.pearson.com/assets/app.db02a74bcf9c973902c0.js, line 73: unreachable code after return statement
JavaScript warning: https://console.pearson.com/assets/app.db02a74bcf9c973902c0.js, line 370: unreachable code after return statement
JavaScript warning: https://console.pearson.com/assets/app.db02a74bcf9c973902c0.js, line 370: unreachable code after return statement
JavaScript warning: https://console.pearson.com/UYyl/Rkt5/CPb/Xjp/R8Eg/EhaLXhNc/InVedjM/Wko/sRVd3aSc, line 1: unreachable code after return statement
JavaScript warning: https://console.pearson.com/UYyl/Rkt5/CPb/Xjp/R8Eg/EhaLXhNc/InVedjM/Wko/sRVd3aSc, line 1: WEBGL_debug_renderer_info is deprecated in Firefox and will be removed. Please use RENDERER.
JavaScript warning: https://console.pearson.com/UYyl/Rkt5/CPb/Xjp/R8Eg/EhaLXhNc/InVedjM/Wko/sRVd3aSc, line 1: WEBGL_debug_renderer_info is deprecated in Firefox and will be removed. Please use RENDERER.
console.warn: LoginRecipes: "Falling back to a synchronous message for: https://login.pearson.com."
1674244297669	geckodriver	INFO	Listening on 127.0.0.1:53961
1674244297674	mozrunner::runner	INFO	Running command: "/usr/bin/firefox" "--marionette" "--remote-debugging-port" "42889" "--remote-allow-hosts" "localhost" "-no-remote" "-profile" "/tmp/rust_mozprofilekgcQlZ"
ATTENTION: default value of option mesa_glthread overridden by environment.
ATTENTION: default value of option mesa_glthread overridden by environment.
1674244298469	Marionette	INFO	Marionette enabled
1674244298475	Marionette	INFO	Listening on port 42805
Read port: 42805
ATTENTION: default value of option mesa_glthread overridden by environment.
WebDriver BiDi listening on ws://127.0.0.1:42889
1674244298700	RemoteAgent	WARN	TLS certificate errors will be ignored for this session
console.warn: SearchSettings: "get: No settings file exists, new profile?" (new NotFoundError("Could not open the file at /tmp/rust_mozprofilekgcQlZ/search.json.mozlz4", (void 0)))
DevTools listening on ws://127.0.0.1:42889/devtools/browser/c3e00a44-30d0-4a5c-bcb7-a461afba2ce8
JavaScript warning: https://console.pearson.com/assets/app.db02a74bcf9c973902c0.js, line 16: unreachable code after return statement
JavaScript warning: https://console.pearson.com/assets/app.db02a74bcf9c973902c0.js, line 33: unreachable code after return statement
JavaScript warning: https://console.pearson.com/assets/app.db02a74bcf9c973902c0.js, line 65: unreachable code after return statement
JavaScript warning: https://console.pearson.com/assets/app.db02a74bcf9c973902c0.js, line 73: unreachable code after return statement
JavaScript warning: https://console.pearson.com/assets/app.db02a74bcf9c973902c0.js, line 370: unreachable code after return statement
JavaScript warning: https://console.pearson.com/assets/app.db02a74bcf9c973902c0.js, line 370: unreachable code after return statement
JavaScript warning: https://console.pearson.com/UYyl/Rkt5/CPb/Xjp/R8Eg/EhaLXhNc/InVedjM/Wko/sRVd3aSc, line 1: unreachable code after return statement
JavaScript warning: https://console.pearson.com/UYyl/Rkt5/CPb/Xjp/R8Eg/EhaLXhNc/InVedjM/Wko/sRVd3aSc, line 1: WEBGL_debug_renderer_info is deprecated in Firefox and will be removed. Please use RENDERER.
JavaScript warning: https://console.pearson.com/UYyl/Rkt5/CPb/Xjp/R8Eg/EhaLXhNc/InVedjM/Wko/sRVd3aSc, line 1: WEBGL_debug_renderer_info is deprecated in Firefox and will be removed. Please use RENDERER.
1674246466235	geckodriver	INFO	Listening on 127.0.0.1:44355
1674246466238	mozrunner::runner	INFO	Running command: "/usr/bin/firefox" "--marionette" "--remote-debugging-port" "37151" "--remote-allow-hosts" "localhost" "-no-remote" "-profile" "/tmp/rust_mozprofileRtOixY"
ATTENTION: default value of option mesa_glthread overridden by environment.
ATTENTION: default value of option mesa_glthread overridden by environment.
1674246467072	Marionette	INFO	Marionette enabled
1674246467077	Marionette	INFO	Listening on port 44857
Read port: 44857
ATTENTION: default value of option mesa_glthread overridden by environment.
WebDriver BiDi listening on ws://127.0.0.1:37151
1674246467292	RemoteAgent	WARN	TLS certificate errors will be ignored for this session
console.warn: SearchSettings: "get: No settings file exists, new profile?" (new NotFoundError("Could not open the file at /tmp/rust_mozprofileRtOixY/search.json.mozlz4", (void 0)))
DevTools listening on ws://127.0.0.1:37151/devtools/browser/3f4aa3b2-7fa1-4d0e-aabf-0429ba824601
JavaScript warning: https://console.pearson.com/assets/app.db02a74bcf9c973902c0.js, line 16: unreachable code after return statement
JavaScript warning: https://console.pearson.com/assets/app.db02a74bcf9c973902c0.js, line 33: unreachable code after return statement
JavaScript warning: https://console.pearson.com/assets/app.db02a74bcf9c973902c0.js, line 65: unreachable code after return statement
JavaScript warning: https://console.pearson.com/assets/app.db02a74bcf9c973902c0.js, line 73: unreachable code after return statement
JavaScript warning: https://console.pearson.com/assets/app.db02a74bcf9c973902c0.js, line 370: unreachable code after return statement
JavaScript warning: https://console.pearson.com/assets/app.db02a74bcf9c973902c0.js, line 370: unreachable code after return statement
JavaScript warning: https://console.pearson.com/UYyl/Rkt5/CPb/Xjp/R8Eg/EhaLXhNc/InVedjM/Wko/sRVd3aSc, line 1: unreachable code after return statement
JavaScript warning: https://console.pearson.com/UYyl/Rkt5/CPb/Xjp/R8Eg/EhaLXhNc/InVedjM/Wko/sRVd3aSc, line 1: WEBGL_debug_renderer_info is deprecated in Firefox and will be removed. Please use RENDERER.
JavaScript warning: https://console.pearson.com/UYyl/Rkt5/CPb/Xjp/R8Eg/EhaLXhNc/InVedjM/Wko/sRVd3aSc, line 1: WEBGL_debug_renderer_info is deprecated in Firefox and will be removed. Please use RENDERER.
1674246472949	Marionette	INFO	Stopped listening on port 44857
1674246630106	geckodriver	INFO	Listening on 127.0.0.1:49249
1674246630111	mozrunner::runner	INFO	Running command: "/usr/bin/firefox" "--marionette" "--remote-debugging-port" "52973" "--remote-allow-hosts" "localhost" "-no-remote" "-profile" "/tmp/rust_mozprofilerK5mIX"
ATTENTION: default value of option mesa_glthread overridden by environment.
ATTENTION: default value of option mesa_glthread overridden by environment.
1674246630943	Marionette	INFO	Marionette enabled
1674246630948	Marionette	INFO	Listening on port 45191
ATTENTION: default value of option mesa_glthread overridden by environment.
Read port: 45191
WebDriver BiDi listening on ws://127.0.0.1:52973
1674246631162	RemoteAgent	WARN	TLS certificate errors will be ignored for this session
console.warn: SearchSettings: "get: No settings file exists, new profile?" (new NotFoundError("Could not open the file at /tmp/rust_mozprofilerK5mIX/search.json.mozlz4", (void 0)))
DevTools listening on ws://127.0.0.1:52973/devtools/browser/48cf7a3d-3c6d-4ef1-a524-f6fb1dd4a4e4
JavaScript warning: https://console.pearson.com/assets/app.db02a74bcf9c973902c0.js, line 16: unreachable code after return statement
JavaScript warning: https://console.pearson.com/assets/app.db02a74bcf9c973902c0.js, line 33: unreachable code after return statement
JavaScript warning: https://console.pearson.com/assets/app.db02a74bcf9c973902c0.js, line 65: unreachable code after return statement
JavaScript warning: https://console.pearson.com/assets/app.db02a74bcf9c973902c0.js, line 73: unreachable code after return statement
JavaScript warning: https://console.pearson.com/assets/app.db02a74bcf9c973902c0.js, line 370: unreachable code after return statement
JavaScript warning: https://console.pearson.com/assets/app.db02a74bcf9c973902c0.js, line 370: unreachable code after return statement
JavaScript warning: https://console.pearson.com/UYyl/Rkt5/CPb/Xjp/R8Eg/EhaLXhNc/InVedjM/Wko/sRVd3aSc, line 1: unreachable code after return statement
JavaScript warning: https://console.pearson.com/UYyl/Rkt5/CPb/Xjp/R8Eg/EhaLXhNc/InVedjM/Wko/sRVd3aSc, line 1: WEBGL_debug_renderer_info is deprecated in Firefox and will be removed. Please use RENDERER.
JavaScript warning: https://console.pearson.com/UYyl/Rkt5/CPb/Xjp/R8Eg/EhaLXhNc/InVedjM/Wko/sRVd3aSc, line 1: WEBGL_debug_renderer_info is deprecated in Firefox and will be removed. Please use RENDERER.
1674246637450	Marionette	INFO	Stopped listening on port 45191
1674246715605	geckodriver	INFO	Listening on 127.0.0.1:47393
1674246715610	mozrunner::runner	INFO	Running command: "/usr/bin/firefox" "--marionette" "--remote-debugging-port" "45257" "--remote-allow-hosts" "localhost" "-no-remote" "-profile" "/tmp/rust_mozprofilel1uOFK"
ATTENTION: default value of option mesa_glthread overridden by environment.
ATTENTION: default value of option mesa_glthread overridden by environment.
1674246716475	Marionette	INFO	Marionette enabled
1674246716481	Marionette	INFO	Listening on port 45255
Read port: 45255
ATTENTION: default value of option mesa_glthread overridden by environment.
WebDriver BiDi listening on ws://127.0.0.1:45257
1674246716703	RemoteAgent	WARN	TLS certificate errors will be ignored for this session
console.warn: SearchSettings: "get: No settings file exists, new profile?" (new NotFoundError("Could not open the file at /tmp/rust_mozprofilel1uOFK/search.json.mozlz4", (void 0)))
DevTools listening on ws://127.0.0.1:45257/devtools/browser/588c7aee-a7a5-4e67-bc54-f18d51dcc0e0
JavaScript warning: https://console.pearson.com/assets/app.db02a74bcf9c973902c0.js, line 16: unreachable code after return statement
JavaScript warning: https://console.pearson.com/assets/app.db02a74bcf9c973902c0.js, line 33: unreachable code after return statement
JavaScript warning: https://console.pearson.com/assets/app.db02a74bcf9c973902c0.js, line 65: unreachable code after return statement
JavaScript warning: https://console.pearson.com/assets/app.db02a74bcf9c973902c0.js, line 73: unreachable code after return statement
JavaScript warning: https://console.pearson.com/assets/app.db02a74bcf9c973902c0.js, line 370: unreachable code after return statement
JavaScript warning: https://console.pearson.com/assets/app.db02a74bcf9c973902c0.js, line 370: unreachable code after return statement
JavaScript warning: https://console.pearson.com/UYyl/Rkt5/CPb/Xjp/R8Eg/EhaLXhNc/InVedjM/Wko/sRVd3aSc, line 1: unreachable code after return statement
JavaScript warning: https://console.pearson.com/UYyl/Rkt5/CPb/Xjp/R8Eg/EhaLXhNc/InVedjM/Wko/sRVd3aSc, line 1: WEBGL_debug_renderer_info is deprecated in Firefox and will be removed. Please use RENDERER.
JavaScript warning: https://console.pearson.com/UYyl/Rkt5/CPb/Xjp/R8Eg/EhaLXhNc/InVedjM/Wko/sRVd3aSc, line 1: WEBGL_debug_renderer_info is deprecated in Firefox and will be removed. Please use RENDERER.
1674246722264	Marionette	WARN	Ignoring event 'DOMContentLoaded' because document has an invalid readyState of 'complete'.
1674246722459	Marionette	INFO	Stopped listening on port 45255
1674246777639	geckodriver	INFO	Listening on 127.0.0.1:37107
1674246777645	mozrunner::runner	INFO	Running command: "/usr/bin/firefox" "--marionette" "--remote-debugging-port" "48937" "--remote-allow-hosts" "localhost" "-no-remote" "-profile" "/tmp/rust_mozprofile7O02JZ"
ATTENTION: default value of option mesa_glthread overridden by environment.
ATTENTION: default value of option mesa_glthread overridden by environment.
1674246778525	Marionette	INFO	Marionette enabled
1674246778530	Marionette	INFO	Listening on port 33513
Read port: 33513
ATTENTION: default value of option mesa_glthread overridden by environment.
WebDriver BiDi listening on ws://127.0.0.1:48937
1674246778732	RemoteAgent	WARN	TLS certificate errors will be ignored for this session
console.warn: SearchSettings: "get: No settings file exists, new profile?" (new NotFoundError("Could not open the file at /tmp/rust_mozprofile7O02JZ/search.json.mozlz4", (void 0)))
DevTools listening on ws://127.0.0.1:48937/devtools/browser/fee35846-6501-4193-b0db-e90094882d00
JavaScript warning: https://console.pearson.com/assets/app.db02a74bcf9c973902c0.js, line 16: unreachable code after return statement
JavaScript warning: https://console.pearson.com/assets/app.db02a74bcf9c973902c0.js, line 33: unreachable code after return statement
JavaScript warning: https://console.pearson.com/assets/app.db02a74bcf9c973902c0.js, line 65: unreachable code after return statement
JavaScript warning: https://console.pearson.com/assets/app.db02a74bcf9c973902c0.js, line 73: unreachable code after return statement
JavaScript warning: https://console.pearson.com/assets/app.db02a74bcf9c973902c0.js, line 370: unreachable code after return statement
JavaScript warning: https://console.pearson.com/assets/app.db02a74bcf9c973902c0.js, line 370: unreachable code after return statement
JavaScript warning: https://console.pearson.com/UYyl/Rkt5/CPb/Xjp/R8Eg/EhaLXhNc/InVedjM/Wko/sRVd3aSc, line 1: unreachable code after return statement
JavaScript warning: https://console.pearson.com/UYyl/Rkt5/CPb/Xjp/R8Eg/EhaLXhNc/InVedjM/Wko/sRVd3aSc, line 1: WEBGL_debug_renderer_info is deprecated in Firefox and will be removed. Please use RENDERER.
JavaScript warning: https://console.pearson.com/UYyl/Rkt5/CPb/Xjp/R8Eg/EhaLXhNc/InVedjM/Wko/sRVd3aSc, line 1: WEBGL_debug_renderer_info is deprecated in Firefox and will be removed. Please use RENDERER.
1674246784455	Marionette	INFO	Stopped listening on port 33513
1674246801602	geckodriver	INFO	Listening on 127.0.0.1:44045
1674246801607	mozrunner::runner	INFO	Running command: "/usr/bin/firefox" "--marionette" "--remote-debugging-port" "43911" "--remote-allow-hosts" "localhost" "-no-remote" "-profile" "/tmp/rust_mozprofilecxaNpM"
ATTENTION: default value of option mesa_glthread overridden by environment.
ATTENTION: default value of option mesa_glthread overridden by environment.
1674246802421	Marionette	INFO	Marionette enabled
1674246802426	Marionette	INFO	Listening on port 46221
ATTENTION: default value of option mesa_glthread overridden by environment.
Read port: 46221
WebDriver BiDi listening on ws://127.0.0.1:43911
1674246802643	RemoteAgent	WARN	TLS certificate errors will be ignored for this session
console.warn: SearchSettings: "get: No settings file exists, new profile?" (new NotFoundError("Could not open the file at /tmp/rust_mozprofilecxaNpM/search.json.mozlz4", (void 0)))
DevTools listening on ws://127.0.0.1:43911/devtools/browser/f8fd1676-d65b-4ad2-8cea-a3f4b9469240
JavaScript warning: https://console.pearson.com/assets/app.db02a74bcf9c973902c0.js, line 16: unreachable code after return statement
JavaScript warning: https://console.pearson.com/assets/app.db02a74bcf9c973902c0.js, line 33: unreachable code after return statement
JavaScript warning: https://console.pearson.com/assets/app.db02a74bcf9c973902c0.js, line 65: unreachable code after return statement
JavaScript warning: https://console.pearson.com/assets/app.db02a74bcf9c973902c0.js, line 73: unreachable code after return statement
JavaScript warning: https://console.pearson.com/assets/app.db02a74bcf9c973902c0.js, line 370: unreachable code after return statement
JavaScript warning: https://console.pearson.com/assets/app.db02a74bcf9c973902c0.js, line 370: unreachable code after return statement
JavaScript warning: https://console.pearson.com/UYyl/Rkt5/CPb/Xjp/R8Eg/EhaLXhNc/InVedjM/Wko/sRVd3aSc, line 1: unreachable code after return statement
JavaScript warning: https://console.pearson.com/UYyl/Rkt5/CPb/Xjp/R8Eg/EhaLXhNc/InVedjM/Wko/sRVd3aSc, line 1: WEBGL_debug_renderer_info is deprecated in Firefox and will be removed. Please use RENDERER.
JavaScript warning: https://console.pearson.com/UYyl/Rkt5/CPb/Xjp/R8Eg/EhaLXhNc/InVedjM/Wko/sRVd3aSc, line 1: WEBGL_debug_renderer_info is deprecated in Firefox and will be removed. Please use RENDERER.
1674246807806	Marionette	WARN	Ignoring event 'DOMContentLoaded' because document has an invalid readyState of 'complete'.
1674246807822	Marionette	INFO	Stopped listening on port 46221
console.warn: "Listener for event 'frame' did not return a promise."
console.warn: "Listener for event 'frame' did not return a promise."
console.warn: "Listener for event 'frame' did not return a promise."
JavaScript error: resource://gre/modules/AsyncShutdown.jsm, line 572: NotFoundError: No such JSWindowActor 'DevToolsFrame'
JavaScript error: resource://gre/modules/AsyncShutdown.jsm, line 572: NotFoundError: No such JSWindowActor 'DevToolsFrame'
JavaScript error: resource://gre/modules/AsyncShutdown.jsm, line 572: NotFoundError: No such JSWindowActor 'DevToolsFrame'
JavaScript error: resource://gre/modules/AsyncShutdown.jsm, line 572: NotFoundError: No such JSWindowActor 'DevToolsFrame'
JavaScript error: resource://gre/modules/AsyncShutdown.jsm, line 572: NotFoundError: No such JSWindowActor 'DevToolsFrame'
1674247890567	Marionette	INFO	Stopped listening on port 42475
1674247891881	Marionette	INFO	Stopped listening on port 42805
console.warn: TopSitesFeed: Failed to fetch data from Contile server: NetworkError when attempting to fetch resource.
1674247897235	geckodriver	INFO	Listening on 127.0.0.1:37649
1674247897241	mozrunner::runner	INFO	Running command: "/usr/bin/firefox" "--marionette" "--remote-debugging-port" "35843" "--remote-allow-hosts" "localhost" "-no-remote" "-profile" "/tmp/rust_mozprofileNaXfFT"
ATTENTION: default value of option mesa_glthread overridden by environment.
ATTENTION: default value of option mesa_glthread overridden by environment.
1674247898106	Marionette	INFO	Marionette enabled
1674247898111	Marionette	INFO	Listening on port 33815
Read port: 33815
ATTENTION: default value of option mesa_glthread overridden by environment.
WebDriver BiDi listening on ws://127.0.0.1:35843
1674247898346	RemoteAgent	WARN	TLS certificate errors will be ignored for this session
console.warn: SearchSettings: "get: No settings file exists, new profile?" (new NotFoundError("Could not open the file at /tmp/rust_mozprofileNaXfFT/search.json.mozlz4", (void 0)))
DevTools listening on ws://127.0.0.1:35843/devtools/browser/2674ef86-7a56-46f5-8876-50202081329e
JavaScript warning: https://console.pearson.com/assets/app.db02a74bcf9c973902c0.js, line 16: unreachable code after return statement
JavaScript warning: https://console.pearson.com/assets/app.db02a74bcf9c973902c0.js, line 33: unreachable code after return statement
JavaScript warning: https://console.pearson.com/assets/app.db02a74bcf9c973902c0.js, line 65: unreachable code after return statement
JavaScript warning: https://console.pearson.com/assets/app.db02a74bcf9c973902c0.js, line 73: unreachable code after return statement
JavaScript warning: https://console.pearson.com/assets/app.db02a74bcf9c973902c0.js, line 370: unreachable code after return statement
JavaScript warning: https://console.pearson.com/assets/app.db02a74bcf9c973902c0.js, line 370: unreachable code after return statement
JavaScript warning: https://console.pearson.com/UYyl/Rkt5/CPb/Xjp/R8Eg/EhaLXhNc/InVedjM/Wko/sRVd3aSc, line 1: unreachable code after return statement
JavaScript warning: https://console.pearson.com/UYyl/Rkt5/CPb/Xjp/R8Eg/EhaLXhNc/InVedjM/Wko/sRVd3aSc, line 1: WEBGL_debug_renderer_info is deprecated in Firefox and will be removed. Please use RENDERER.
JavaScript warning: https://console.pearson.com/UYyl/Rkt5/CPb/Xjp/R8Eg/EhaLXhNc/InVedjM/Wko/sRVd3aSc, line 1: WEBGL_debug_renderer_info is deprecated in Firefox and will be removed. Please use RENDERER.
1674247904683	Marionette	WARN	Ignoring event 'DOMContentLoaded' because document has an invalid readyState of 'complete'.
1674247919862	Marionette	INFO	Stopped listening on port 33815
1674248564130	geckodriver	INFO	Listening on 127.0.0.1:44595
1674248564133	mozrunner::runner	INFO	Running command: "/usr/bin/firefox" "--marionette" "--remote-debugging-port" "60483" "--remote-allow-hosts" "localhost" "-no-remote" "-profile" "/tmp/rust_mozprofileyzXOJ4"
ATTENTION: default value of option mesa_glthread overridden by environment.
ATTENTION: default value of option mesa_glthread overridden by environment.
1674248564629	Marionette	INFO	Marionette enabled
1674248564633	Marionette	INFO	Listening on port 38475
Read port: 38475
ATTENTION: default value of option mesa_glthread overridden by environment.
WebDriver BiDi listening on ws://127.0.0.1:60483
1674248564794	RemoteAgent	WARN	TLS certificate errors will be ignored for this session
console.warn: SearchSettings: "get: No settings file exists, new profile?" (new NotFoundError("Could not open the file at /tmp/rust_mozprofileyzXOJ4/search.json.mozlz4", (void 0)))
DevTools listening on ws://127.0.0.1:60483/devtools/browser/840e9b03-522a-439d-91dc-8a9489cad056
JavaScript warning: https://console.pearson.com/assets/app.db02a74bcf9c973902c0.js, line 16: unreachable code after return statement
JavaScript warning: https://console.pearson.com/assets/app.db02a74bcf9c973902c0.js, line 33: unreachable code after return statement
JavaScript warning: https://console.pearson.com/assets/app.db02a74bcf9c973902c0.js, line 65: unreachable code after return statement
JavaScript warning: https://console.pearson.com/assets/app.db02a74bcf9c973902c0.js, line 73: unreachable code after return statement
JavaScript warning: https://console.pearson.com/assets/app.db02a74bcf9c973902c0.js, line 370: unreachable code after return statement
JavaScript warning: https://console.pearson.com/assets/app.db02a74bcf9c973902c0.js, line 370: unreachable code after return statement
JavaScript warning: https://console.pearson.com/UYyl/Rkt5/CPb/Xjp/R8Eg/EhaLXhNc/InVedjM/Wko/sRVd3aSc, line 1: unreachable code after return statement
JavaScript warning: https://console.pearson.com/UYyl/Rkt5/CPb/Xjp/R8Eg/EhaLXhNc/InVedjM/Wko/sRVd3aSc, line 1: WEBGL_debug_renderer_info is deprecated in Firefox and will be removed. Please use RENDERER.
JavaScript warning: https://console.pearson.com/UYyl/Rkt5/CPb/Xjp/R8Eg/EhaLXhNc/InVedjM/Wko/sRVd3aSc, line 1: WEBGL_debug_renderer_info is deprecated in Firefox and will be removed. Please use RENDERER.
1674248569907	Marionette	WARN	Ignoring event 'DOMContentLoaded' because document has an invalid readyState of 'complete'.
1674248618690	Marionette	INFO	Stopped listening on port 38475
console.warn: TopSitesFeed: Failed to fetch data from Contile server: NetworkError when attempting to fetch resource.
1674248805806	geckodriver	INFO	Listening on 127.0.0.1:36287
1674248805809	mozrunner::runner	INFO	Running command: "/usr/bin/firefox" "--marionette" "--remote-debugging-port" "52127" "--remote-allow-hosts" "localhost" "-no-remote" "-profile" "/tmp/rust_mozprofile6FMWje"
ATTENTION: default value of option mesa_glthread overridden by environment.
ATTENTION: default value of option mesa_glthread overridden by environment.
1674248806306	Marionette	INFO	Marionette enabled
1674248806310	Marionette	INFO	Listening on port 38633
ATTENTION: default value of option mesa_glthread overridden by environment.
WebDriver BiDi listening on ws://127.0.0.1:52127
Read port: 38633
1674248806482	RemoteAgent	WARN	TLS certificate errors will be ignored for this session
console.warn: SearchSettings: "get: No settings file exists, new profile?" (new NotFoundError("Could not open the file at /tmp/rust_mozprofile6FMWje/search.json.mozlz4", (void 0)))
DevTools listening on ws://127.0.0.1:52127/devtools/browser/1aa83f4e-a4cc-400b-a13f-7282bf9108fc
JavaScript warning: https://console.pearson.com/assets/app.db02a74bcf9c973902c0.js, line 16: unreachable code after return statement
JavaScript warning: https://console.pearson.com/assets/app.db02a74bcf9c973902c0.js, line 33: unreachable code after return statement
JavaScript warning: https://console.pearson.com/assets/app.db02a74bcf9c973902c0.js, line 65: unreachable code after return statement
JavaScript warning: https://console.pearson.com/assets/app.db02a74bcf9c973902c0.js, line 73: unreachable code after return statement
JavaScript warning: https://console.pearson.com/assets/app.db02a74bcf9c973902c0.js, line 370: unreachable code after return statement
JavaScript warning: https://console.pearson.com/assets/app.db02a74bcf9c973902c0.js, line 370: unreachable code after return statement
JavaScript warning: https://console.pearson.com/UYyl/Rkt5/CPb/Xjp/R8Eg/EhaLXhNc/InVedjM/Wko/sRVd3aSc, line 1: unreachable code after return statement
JavaScript warning: https://console.pearson.com/UYyl/Rkt5/CPb/Xjp/R8Eg/EhaLXhNc/InVedjM/Wko/sRVd3aSc, line 1: WEBGL_debug_renderer_info is deprecated in Firefox and will be removed. Please use RENDERER.
JavaScript warning: https://console.pearson.com/UYyl/Rkt5/CPb/Xjp/R8Eg/EhaLXhNc/InVedjM/Wko/sRVd3aSc, line 1: WEBGL_debug_renderer_info is deprecated in Firefox and will be removed. Please use RENDERER.
1674248812270	Marionette	WARN	Ignoring event 'DOMContentLoaded' because document has an invalid readyState of 'complete'.
console.warn: LoginRecipes: "Falling back to a synchronous message for: https://login.pearson.com."
console.error: (new TypeError("lazy.AsyncShutdown.profileBeforeChange is undefined", "resource://services-settings/Database.jsm", 510))
console.warn: LoginRecipes: "Falling back to a synchronous message for: https://login.pearson.com."
JavaScript warning: https://console.pearson.com/assets/app.db02a74bcf9c973902c0.js, line 16: unreachable code after return statement
JavaScript warning: https://console.pearson.com/assets/app.db02a74bcf9c973902c0.js, line 33: unreachable code after return statement
JavaScript warning: https://console.pearson.com/assets/app.db02a74bcf9c973902c0.js, line 65: unreachable code after return statement
JavaScript warning: https://console.pearson.com/assets/app.db02a74bcf9c973902c0.js, line 73: unreachable code after return statement
JavaScript warning: https://console.pearson.com/assets/app.db02a74bcf9c973902c0.js, line 370: unreachable code after return statement
JavaScript warning: https://console.pearson.com/assets/app.db02a74bcf9c973902c0.js, line 370: unreachable code after return statement
JavaScript warning: https://console.pearson.com/UYyl/Rkt5/CPb/Xjp/R8Eg/EhaLXhNc/InVedjM/Wko/sRVd3aSc, line 1: unreachable code after return statement
JavaScript warning: https://console.pearson.com/UYyl/Rkt5/CPb/Xjp/R8Eg/EhaLXhNc/InVedjM/Wko/sRVd3aSc, line 1: WEBGL_debug_renderer_info is deprecated in Firefox and will be removed. Please use RENDERER.
JavaScript warning: https://console.pearson.com/UYyl/Rkt5/CPb/Xjp/R8Eg/EhaLXhNc/InVedjM/Wko/sRVd3aSc, line 1: WEBGL_debug_renderer_info is deprecated in Firefox and will be removed. Please use RENDERER.
NetworkHelper.parseSecurityInfo threw an exception: Security state 0 has no known STATE_IS_* flags.
console.error: "Security state 0 has no known STATE_IS_* flags."
JavaScript error: https://console.pearson.com/assets/app.db02a74bcf9c973902c0.js, line 428: ReferenceError: rtd is not defined
JavaScript warning: https://revel-ise.pearson.com/qzXlFlXIr/wQeSiFm/WQ4/GNqYghws/9QYpcbhVm9G3/GBAqNwE/JE8i/WlRAQEQ, line 1: unreachable code after return statement
console.error: "Unable to find target with innerWindowId:4294967321"
console.error: "Unable to find target with innerWindowId:4294967321"
console.error: "Unable to find target with innerWindowId:4294967321"
console.error: "Unable to find target with innerWindowId:4294967321"
JavaScript warning: https://revel-ise.pearson.com/qzXlFlXIr/wQeSiFm/WQ4/GNqYghws/9QYpcbhVm9G3/GBAqNwE/JE8i/WlRAQEQ, line 1: WEBGL_debug_renderer_info is deprecated in Firefox and will be removed. Please use RENDERER.
JavaScript warning: https://revel-ise.pearson.com/qzXlFlXIr/wQeSiFm/WQ4/GNqYghws/9QYpcbhVm9G3/GBAqNwE/JE8i/WlRAQEQ, line 1: WEBGL_debug_renderer_info is deprecated in Firefox and will be removed. Please use RENDERER.
console.warn: "Listener for event 'frame' did not return a promise."
console.warn: "Listener for event 'frame' did not return a promise."
console.warn: "Listener for event 'frame' did not return a promise."
console.warn: "Listener for event 'frame' did not return a promise."
console.warn: "Listener for event 'frame' did not return a promise."
console.warn: "Listener for event 'frame' did not return a promise."
console.warn: "Listener for event 'frame' did not return a promise."
console.warn: "Listener for event 'frame' did not return a promise."
console.warn: "Listener for event 'frame' did not return a promise."
console.warn: "Listener for event 'frame' did not return a promise."
console.warn: "Listener for event 'frame' did not return a promise."
console.warn: "Listener for event 'frame' did not return a promise."
JavaScript warning: https://acs-cdn.prd-prsn.com/tdxclient/versions/43.0.0/38/tdx-components/tdx-components.js, line 2552: Using //@ to indicate sourceMappingURL pragmas is deprecated. Use //# instead
JavaScript warning: https://acs-cdn.prd-prsn.com/tdxclient/versions/43.0.0/38/tdx-components/tdx-components.js, line 2552: Using //@ to indicate sourceMappingURL pragmas is deprecated. Use //# instead
JavaScript warning: , line 0: WebGL warning: texImage: Alpha-premult and y-flip are deprecated for non-DOM-Element uploads.
JavaScript warning: , line 0: WebGL warning: texImage: Alpha-premult and y-flip are deprecated for non-DOM-Element uploads.
JavaScript warning: , line 0: WebGL warning: texImage: Alpha-premult and y-flip are deprecated for non-DOM-Element uploads.
JavaScript warning: , line 0: WebGL warning: texImage: Alpha-premult and y-flip are deprecated for non-DOM-Element uploads.
JavaScript warning: , line 0: WebGL warning: texImage: Alpha-premult and y-flip are deprecated for non-DOM-Element uploads.
JavaScript warning: , line 0: WebGL warning: texImage: Alpha-premult and y-flip are deprecated for non-DOM-Element uploads.
JavaScript warning: , line 0: WebGL warning: texImage: Alpha-premult and y-flip are deprecated for non-DOM-Element uploads.
JavaScript warning: , line 0: WebGL warning: texImage: Alpha-premult and y-flip are deprecated for non-DOM-Element uploads.
JavaScript warning: https://acs-cdn.prd-prsn.com/tdxclient/versions/43.0.0/38/tdx-components/tdx-components.js, line 2552: Using //@ to indicate sourceMappingURL pragmas is deprecated. Use //# instead
JavaScript warning: , line 0: WebGL warning: texImage: Alpha-premult and y-flip are deprecated for non-DOM-Element uploads.
JavaScript warning: , line 0: WebGL warning: texImage: Alpha-premult and y-flip are deprecated for non-DOM-Element uploads.
JavaScript warning: , line 0: WebGL warning: texImage: Alpha-premult and y-flip are deprecated for non-DOM-Element uploads.
JavaScript warning: , line 0: WebGL warning: texImage: Alpha-premult and y-flip are deprecated for non-DOM-Element uploads.
JavaScript warning: , line 0: WebGL warning: texImage: Alpha-premult and y-flip are deprecated for non-DOM-Element uploads.
JavaScript warning: , line 0: WebGL warning: texImage: Alpha-premult and y-flip are deprecated for non-DOM-Element uploads.
JavaScript warning: , line 0: WebGL warning: texImage: Alpha-premult and y-flip are deprecated for non-DOM-Element uploads.
JavaScript warning: , line 0: WebGL warning: texImage: Alpha-premult and y-flip are deprecated for non-DOM-Element uploads.
JavaScript warning: , line 0: WebGL warning: texImage: Alpha-premult and y-flip are deprecated for non-DOM-Element uploads.
JavaScript warning: , line 0: WebGL warning: texImage: Alpha-premult and y-flip are deprecated for non-DOM-Element uploads.
JavaScript warning: , line 0: WebGL warning: texImage: Alpha-premult and y-flip are deprecated for non-DOM-Element uploads.
JavaScript warning: , line 0: WebGL warning: texImage: Alpha-premult and y-flip are deprecated for non-DOM-Element uploads.
JavaScript warning: , line 0: WebGL warning: texImage: Alpha-premult and y-flip are deprecated for non-DOM-Element uploads.
JavaScript warning: , line 0: WebGL warning: texImage: Alpha-premult and y-flip are deprecated for non-DOM-Element uploads.
JavaScript warning: , line 0: WebGL warning: texImage: Alpha-premult and y-flip are deprecated for non-DOM-Element uploads.
JavaScript warning: , line 0: WebGL warning: texImage: Alpha-premult and y-flip are deprecated for non-DOM-Element uploads.
JavaScript warning: , line 0: WebGL warning: texImage: Alpha-premult and y-flip are deprecated for non-DOM-Element uploads.
JavaScript warning: , line 0: WebGL warning: texImage: Alpha-premult and y-flip are deprecated for non-DOM-Element uploads.
JavaScript warning: , line 0: WebGL warning: texImage: Alpha-premult and y-flip are deprecated for non-DOM-Element uploads.
JavaScript warning: , line 0: WebGL warning: texImage: Alpha-premult and y-flip are deprecated for non-DOM-Element uploads.
JavaScript warning: , line 0: WebGL warning: texImage: Alpha-premult and y-flip are deprecated for non-DOM-Element uploads.
JavaScript warning: , line 0: WebGL warning: texImage: Alpha-premult and y-flip are deprecated for non-DOM-Element uploads.
JavaScript warning: , line 0: WebGL warning: texImage: Alpha-premult and y-flip are deprecated for non-DOM-Element uploads.
JavaScript warning: , line 0: WebGL warning: texImage: Alpha-premult and y-flip are deprecated for non-DOM-Element uploads.
JavaScript warning: , line 0: After reporting 32, no further warnings will be reported for this WebGL context.
1674491209338	geckodriver	INFO	Listening on 127.0.0.1:55039
1674491209343	mozrunner::runner	INFO	Running command: "/usr/bin/firefox" "--marionette" "--remote-debugging-port" "41441" "--remote-allow-hosts" "localhost" "-no-remote" "-profile" "/tmp/rust_mozprofileR9BuU1"
ATTENTION: default value of option mesa_glthread overridden by environment.
ATTENTION: default value of option mesa_glthread overridden by environment.
1674491210147	Marionette	INFO	Marionette enabled
1674491210152	Marionette	INFO	Listening on port 41045
ATTENTION: default value of option mesa_glthread overridden by environment.
Read port: 41045
WebDriver BiDi listening on ws://127.0.0.1:41441
1674491210381	RemoteAgent	WARN	TLS certificate errors will be ignored for this session
console.warn: SearchSettings: "get: No settings file exists, new profile?" (new NotFoundError("Could not open the file at /tmp/rust_mozprofileR9BuU1/search.json.mozlz4", (void 0)))
DevTools listening on ws://127.0.0.1:41441/devtools/browser/aa85f408-0801-41a1-a8a4-9f13a8dacab4
JavaScript warning: https://console.pearson.com/assets/app.db02a74bcf9c973902c0.js, line 16: unreachable code after return statement
JavaScript warning: https://console.pearson.com/assets/app.db02a74bcf9c973902c0.js, line 33: unreachable code after return statement
JavaScript warning: https://console.pearson.com/assets/app.db02a74bcf9c973902c0.js, line 65: unreachable code after return statement
JavaScript warning: https://console.pearson.com/assets/app.db02a74bcf9c973902c0.js, line 73: unreachable code after return statement
JavaScript warning: https://console.pearson.com/assets/app.db02a74bcf9c973902c0.js, line 370: unreachable code after return statement
JavaScript warning: https://console.pearson.com/assets/app.db02a74bcf9c973902c0.js, line 370: unreachable code after return statement
JavaScript warning: https://console.pearson.com/xQdJeIPsAOqT/llqtmu/pb38It/EGOuLVL8afm9/b3BILA/Jx/RpUy4SIGU, line 1: unreachable code after return statement
JavaScript warning: https://console.pearson.com/xQdJeIPsAOqT/llqtmu/pb38It/EGOuLVL8afm9/b3BILA/Jx/RpUy4SIGU, line 1: WEBGL_debug_renderer_info is deprecated in Firefox and will be removed. Please use RENDERER.
JavaScript warning: https://console.pearson.com/xQdJeIPsAOqT/llqtmu/pb38It/EGOuLVL8afm9/b3BILA/Jx/RpUy4SIGU, line 1: WEBGL_debug_renderer_info is deprecated in Firefox and will be removed. Please use RENDERER.
1674491216624	Marionette	WARN	Ignoring event 'DOMContentLoaded' because document has an invalid readyState of 'complete'.
console.warn: LoginRecipes: "Falling back to a synchronous message for: https://login.pearson.com."
console.error: (new TypeError("lazy.AsyncShutdown.profileBeforeChange is undefined", "resource://services-settings/Database.jsm", 510))
console.warn: LoginRecipes: "Falling back to a synchronous message for: https://login.pearson.com."
JavaScript warning: https://console.pearson.com/assets/app.db02a74bcf9c973902c0.js, line 16: unreachable code after return statement
JavaScript warning: https://console.pearson.com/assets/app.db02a74bcf9c973902c0.js, line 33: unreachable code after return statement
JavaScript warning: https://console.pearson.com/assets/app.db02a74bcf9c973902c0.js, line 65: unreachable code after return statement
JavaScript warning: https://console.pearson.com/assets/app.db02a74bcf9c973902c0.js, line 73: unreachable code after return statement
JavaScript warning: https://console.pearson.com/assets/app.db02a74bcf9c973902c0.js, line 370: unreachable code after return statement
JavaScript warning: https://console.pearson.com/assets/app.db02a74bcf9c973902c0.js, line 370: unreachable code after return statement
JavaScript warning: https://console.pearson.com/xQdJeIPsAOqT/llqtmu/pb38It/EGOuLVL8afm9/b3BILA/Jx/RpUy4SIGU, line 1: unreachable code after return statement
JavaScript warning: https://console.pearson.com/xQdJeIPsAOqT/llqtmu/pb38It/EGOuLVL8afm9/b3BILA/Jx/RpUy4SIGU, line 1: WEBGL_debug_renderer_info is deprecated in Firefox and will be removed. Please use RENDERER.
JavaScript warning: https://console.pearson.com/xQdJeIPsAOqT/llqtmu/pb38It/EGOuLVL8afm9/b3BILA/Jx/RpUy4SIGU, line 1: WEBGL_debug_renderer_info is deprecated in Firefox and will be removed. Please use RENDERER.
